for_use_ethereumbook_preface_open_editiontxt_fr_CA.asciidoc
for_use_ethereumbook_glossarytxt_fr_CA.asciidoc

for_use_ethereumbook_descriptiontxt_fr_CA.asciidoc
for_use_ethereumbook_headingstxt_fr_CA.asciidoc
for_use_ethereumbook_titletxt_fr_CA.asciidoc

for_use_ethereumbook_01what-istxt_fr_CA.asciidoc
for_use_ethereumbook_02introtxt_fr_CA.asciidoc
for_use_ethereumbook_03clientstxt_fr_CA.asciidoc
for_use_ethereumbook_04keys-addressestxt_fr_CA.asciidoc
for_use_ethereumbook_05walletstxt_fr_CA.asciidoc
for_use_ethereumbook_06transactionstxt_fr_CA.asciidoc
for_use_ethereumbook_07smart-contracts-soliditytxt_fr_CA.asciidoc
for_use_ethereumbook_08smart-contracts-vypertxt_fr_CA.asciidoc
for_use_ethereumbook_09smart-contracts-securitytxt_fr_CA.asciidoc
for_use_ethereumbook_10tokenstxt_fr_CA.asciidoc
for_use_ethereumbook_11oraclestxt_fr_CA.asciidoc
for_use_ethereumbook_12dappstxt_fr_CA.asciidoc
for_use_ethereumbook_13evmtxt_fr_CA.asciidoc
for_use_ethereumbook_14consensustxt_fr_CA.asciidoc
for_use_ethereumbook_appdx-forks-historytxt_fr_CA.asciidoc
for_use_ethereumbook_appdx-standards-eip-erctxt_fr_CA.asciidoc
for_use_ethereumbook_appdx-evm-opcodes-gastxt_fr_CA.asciidoc
for_use_ethereumbook_appdx-dev-toolstxt_fr_CA.asciidoc
for_use_ethereumbook_appdx-web3js-tutorialtxt_fr_CA.asciidoc

for_use_ethereumbook_author_biohtml_fr_CA.html


for_use_ethereumbook_appdx-shortlinkstxt_fr_CA.asciidoc
